[02:01:50] [ServerMain/INFO]: [bootstrap] Running Java 21 (OpenJDK 64-Bit Server VM 21.0.9+10-Ubuntu-124.04; Ubuntu null) on Linux 6.8.0-1030-azure (amd64)
[02:01:50] [ServerMain/INFO]: [bootstrap] Loading Paper 1.21-130-master@b1b5d4c (2024-08-10T10:02:42Z) for Minecraft 1.21
[02:01:50] [ServerMain/INFO]: [PluginInitializerManager] Initializing plugins...
[02:01:50] [ServerMain/ERROR]: [PluginRemapper] Encountered exception remapping plugins
java.util.concurrent.CompletionException: java.lang.RuntimeException: Failed to open plugin jar plugins/ProtectionStones-2.10.4.jar
	at java.base/java.util.concurrent.CompletableFuture.reportJoin(CompletableFuture.java:413) ~[?:?]
	at java.base/java.util.concurrent.CompletableFuture.join(CompletableFuture.java:2118) ~[?:?]
	at io.papermc.paper.pluginremap.PluginRemapper.waitForAll(PluginRemapper.java:410) ~[paper-1.21.jar:1.21-130-b1b5d4c]
	at io.papermc.paper.pluginremap.PluginRemapper.rewritePluginDirectory(PluginRemapper.java:206) ~[paper-1.21.jar:1.21-130-b1b5d4c]
	at io.papermc.paper.plugin.provider.source.DirectoryProviderSource.prepareContext(DirectoryProviderSource.java:42) ~[paper-1.21.jar:1.21-130-b1b5d4c]
	at io.papermc.paper.plugin.provider.source.DirectoryProviderSource.prepareContext(DirectoryProviderSource.java:17) ~[paper-1.21.jar:1.21-130-b1b5d4c]
	at io.papermc.paper.plugin.util.EntrypointUtil.registerProvidersFromSource(EntrypointUtil.java:14) ~[paper-1.21.jar:1.21-130-b1b5d4c]
	at io.papermc.paper.plugin.PluginInitializerManager.load(PluginInitializerManager.java:113) ~[paper-1.21.jar:1.21-130-b1b5d4c]
	at net.minecraft.server.Main.main(Main.java:123) ~[paper-1.21.jar:1.21-130-b1b5d4c]
	at io.papermc.paper.PaperBootstrap.boot(PaperBootstrap.java:21) ~[paper-1.21.jar:1.21-130-b1b5d4c]
	at org.bukkit.craftbukkit.Main.main(Main.java:281) ~[paper-1.21.jar:1.21-130-b1b5d4c]
	at io.papermc.paperclip.Paperclip.lambda$main$0(Paperclip.java:42) ~[app:?]
	at java.base/java.lang.Thread.run(Thread.java:1583) ~[?:?]
Caused by: java.lang.RuntimeException: Failed to open plugin jar plugins/ProtectionStones-2.10.4.jar
	at io.papermc.paper.pluginremap.PluginRemapper.remap(PluginRemapper.java:339) ~[paper-1.21.jar:1.21-130-b1b5d4c]
	at io.papermc.paper.pluginremap.PluginRemapper.remapPlugin(PluginRemapper.java:266) ~[paper-1.21.jar:1.21-130-b1b5d4c]
	at io.papermc.paper.pluginremap.PluginRemapper.rewritePluginDirectory(PluginRemapper.java:204) ~[paper-1.21.jar:1.21-130-b1b5d4c]
	... 9 more
Caused by: java.util.zip.ZipException: zip END header not found
	at jdk.zipfs@21.0.9/jdk.nio.zipfs.ZipFileSystem.findEND(ZipFileSystem.java:1320) ~[jdk.zipfs:?]
	at jdk.zipfs@21.0.9/jdk.nio.zipfs.ZipFileSystem.initCEN(ZipFileSystem.java:1541) ~[jdk.zipfs:?]
	at jdk.zipfs@21.0.9/jdk.nio.zipfs.ZipFileSystem.<init>(ZipFileSystem.java:179) ~[jdk.zipfs:?]
	at jdk.zipfs@21.0.9/jdk.nio.zipfs.ZipFileSystemProvider.getZipFileSystem(ZipFileSystemProvider.java:125) ~[jdk.zipfs:?]
	at jdk.zipfs@21.0.9/jdk.nio.zipfs.ZipFileSystemProvider.newFileSystem(ZipFileSystemProvider.java:120) ~[jdk.zipfs:?]
	at java.base/java.nio.file.FileSystems.newFileSystem(FileSystems.java:528) ~[?:?]
	at java.base/java.nio.file.FileSystems.newFileSystem(FileSystems.java:440) ~[?:?]
	at io.papermc.paper.pluginremap.PluginRemapper.remap(PluginRemapper.java:290) ~[paper-1.21.jar:1.21-130-b1b5d4c]
	at io.papermc.paper.pluginremap.PluginRemapper.remapPlugin(PluginRemapper.java:266) ~[paper-1.21.jar:1.21-130-b1b5d4c]
	at io.papermc.paper.pluginremap.PluginRemapper.rewritePluginDirectory(PluginRemapper.java:204) ~[paper-1.21.jar:1.21-130-b1b5d4c]
	... 9 more
[02:01:50] [ServerMain/INFO]: [PluginInitializerManager] Initialized 0 plugins
[02:01:55] [ServerMain/INFO]: Environment: Environment[sessionHost=https://sessionserver.mojang.com, servicesHost=https://api.minecraftservices.com, name=PROD]
[02:01:57] [ServerMain/INFO]: Loaded 1290 recipes
[02:01:57] [ServerMain/INFO]: Loaded 1399 advancements
[02:01:57] [Server thread/INFO]: Starting minecraft server version 1.21
[02:01:57] [Server thread/INFO]: Loading properties
[02:01:58] [Server thread/INFO]: This server is running Paper version 1.21-130-master@b1b5d4c (2024-08-10T10:02:42Z) (Implementing API version 1.21-R0.1-SNAPSHOT)
[02:01:58] [Server thread/INFO]: [spark] This server bundles the spark profiler. For more information please visit https://docs.papermc.io/paper/profiling
[02:01:58] [Server thread/INFO]: Server Ping Player Sample Count: 12
[02:01:58] [Server thread/INFO]: Using 4 threads for Netty based IO
[02:01:59] [Server thread/INFO]: [ChunkTaskScheduler] Chunk system is using 1 I/O threads, 1 worker threads, and population gen parallelism of 1 threads
[02:01:59] [Server thread/INFO]: Default game type: SURVIVAL
[02:01:59] [Server thread/INFO]: Generating keypair
[02:01:59] [Server thread/INFO]: Starting Minecraft server on *:25565
[02:01:59] [Server thread/INFO]: Using epoll channel type
[02:02:00] [Server thread/INFO]: Paper: Using libdeflate (Linux x86_64) compression from Velocity.
[02:02:00] [Server thread/INFO]: Paper: Using OpenSSL 3.0.x (Linux x86_64) cipher from Velocity.
[02:02:00] [Server thread/INFO]: Server permissions file permissions.yml is empty, ignoring it
[02:02:00] [Server thread/WARN]: **** SERVER IS RUNNING IN OFFLINE/INSECURE MODE!
[02:02:00] [Server thread/WARN]: The server will make no attempt to authenticate usernames. Beware.
[02:02:00] [Server thread/WARN]: While this makes the game possible to play without internet access, it also opens up the ability for hackers to connect with any username they choose.
[02:02:00] [Server thread/WARN]: To change this, set "online-mode" to "true" in the server.properties file.
[02:02:00] [Server thread/INFO]: Preparing level "world"
[02:02:00] [Server thread/INFO]: Preparing start region for dimension minecraft:overworld
[02:02:02] [Server thread/INFO]: Time elapsed: 1511 ms
[02:02:02] [Server thread/INFO]: Preparing start region for dimension minecraft:the_nether
[02:02:02] [Server thread/INFO]: Time elapsed: 196 ms
[02:02:02] [Server thread/INFO]: Preparing start region for dimension minecraft:the_end
[02:02:02] [Server thread/INFO]: Time elapsed: 171 ms
[02:02:02] [Server thread/INFO]: [spark] Starting background profiler...
[02:02:03] [Server thread/INFO]: Done preparing level "world" (3.397s)
[02:02:03] [Server thread/INFO]: Running delayed init tasks
[02:02:03] [Server thread/INFO]: Done (15.439s)! For help, type "help"
[02:02:03] [Server thread/INFO]: Timings Reset
[02:03:34] [Server thread/INFO]: Stopping the server
[02:03:34] [Server thread/INFO]: Stopping server
[02:03:34] [Server thread/INFO]: Saving players
[02:03:34] [Server thread/INFO]: Saving worlds
[02:03:34] [Server thread/INFO]: Saving chunks for level 'ServerLevel[world]'/minecraft:overworld
[02:03:34] [Server thread/INFO]: [ChunkHolderManager] Waiting 60s for chunk system to halt for world 'world'
[02:03:34] [Server thread/INFO]: [ChunkHolderManager] Halted chunk system for world 'world'
[02:03:34] [Server thread/INFO]: [ChunkHolderManager] Saving all chunkholders for world 'world'
[02:03:34] [Server thread/INFO]: [ChunkHolderManager] Saved 49 block chunks, 49 entity chunks, 0 poi chunks in world 'world' in 0.39s
[02:03:34] [Server thread/INFO]: Saving chunks for level 'ServerLevel[world_nether]'/minecraft:the_nether
[02:03:34] [Server thread/INFO]: [ChunkHolderManager] Waiting 60s for chunk system to halt for world 'world_nether'
[02:03:34] [Server thread/INFO]: [ChunkHolderManager] Halted chunk system for world 'world_nether'
[02:03:34] [Server thread/INFO]: [ChunkHolderManager] Saving all chunkholders for world 'world_nether'
[02:03:35] [Server thread/INFO]: [ChunkHolderManager] Saved 49 block chunks, 49 entity chunks, 0 poi chunks in world 'world_nether' in 0.11s
[02:03:35] [Server thread/INFO]: Saving chunks for level 'ServerLevel[world_the_end]'/minecraft:the_end
[02:03:35] [Server thread/INFO]: [ChunkHolderManager] Waiting 60s for chunk system to halt for world 'world_the_end'
[02:03:35] [Server thread/INFO]: [ChunkHolderManager] Halted chunk system for world 'world_the_end'
[02:03:35] [Server thread/INFO]: [ChunkHolderManager] Saving all chunkholders for world 'world_the_end'
[02:03:35] [Server thread/INFO]: [ChunkHolderManager] Saved 49 block chunks, 49 entity chunks, 0 poi chunks in world 'world_the_end' in 0.05s
[02:03:35] [Server thread/INFO]: ThreadedAnvilChunkStorage (world): All chunks are saved
[02:03:35] [Server thread/INFO]: ThreadedAnvilChunkStorage (DIM-1): All chunks are saved
[02:03:35] [Server thread/INFO]: ThreadedAnvilChunkStorage (DIM1): All chunks are saved
[02:03:35] [Server thread/INFO]: ThreadedAnvilChunkStorage: All dimensions are saved
